<?xml version="1.0" encoding="UTF-8" ?>
<testsuite errors="0" failures="0" hostname="tl144" name="sample.VectorsJUnit4Test" tests="2" time="0.292" timestamp="2014-02-10T22:35:01">
  <properties>
[...]
</properties>
  <testcase classname="sample.VectorsJUnit4Test" name="equalsCheck" time="0.009" />
  <testcase classname="sample.VectorsJUnit4Test" name="ScalarMultiplicationTest" time="0.003" />
  <system-out><![CDATA[*VectorsJUnit4Test: equalsCheck()
*VectorsJUnit4Test: ScalarMultiplicationCheck()
]]></system-out>
  <system-err><![CDATA[]]></system-err>
</testsuite>
